<?xml version="1.0" encoding="UTF-8"?>
<!-- Generated by org.testng.reporters.JUnitReportReporter -->
<testsuite skipped="0" hostname="User-VAIO" name="googletest.GoogeTest" tests="1" failures="0" timestamp="15 Feb 2022 04:28:54 GMT" time="118.936" errors="0">
  <testcase name="testGoogle" time="118.936" classname="googletest.GoogeTest"/>
</testsuite> <!-- googletest.GoogeTest -->
