<?xml version="1.0" encoding="UTF-8"?>
<!-- Generated by org.testng.reporters.JUnitReportReporter -->
<testsuite skipped="0" hostname="User-VAIO" name="bingtest.GoogeTest" tests="1" failures="0" timestamp="15 Feb 2022 05:34:18 GMT" time="59.295" errors="0">
  <testcase name="testGoogle" time="59.295" classname="bingtest.GoogeTest"/>
</testsuite> <!-- bingtest.GoogeTest -->
