<?xml version="1.0" encoding="UTF-8"?>
<!-- Generated by org.testng.reporters.JUnitReportReporter -->
<testsuite skipped="0" hostname="User-VAIO" name="bingtest.GoogeTest" tests="1" failures="0" timestamp="16 Feb 2022 07:21:57 GMT" time="55.265" errors="0">
  <testcase name="testGoogle" time="55.265" classname="bingtest.GoogeTest"/>
</testsuite> <!-- bingtest.GoogeTest -->
